2017-06-09 10:01:43 - Starting C:\Program Files\nodejs\node.exe  --harmony C:\aimwebgui\node_modules\node-windows\lib\wrapper.js --file C:\aimwebgui\bin\www --log "AimWebGUI wrapper" --grow 0.25 --wait 1 --maxrestarts 3 --abortonerror n --stopparentfirst undefined
2017-06-09 10:01:43 - Started 4128
2017-10-02 12:21:36 - Stopping aimwebgui.exe
2017-10-02 12:21:36 - Finished aimwebgui.exe
2017-10-02 12:21:37 - Starting C:\Program Files\nodejs\node.exe  --harmony C:\aimwebgui\node_modules\node-windows\lib\wrapper.js --file C:\aimwebgui\bin\www --log "AimWebGUI wrapper" --grow 0.25 --wait 1 --maxrestarts 3 --abortonerror n --stopparentfirst undefined
2017-10-02 12:21:37 - Started 5940
2017-10-02 12:22:42 - Starting C:\Program Files\nodejs\node.exe  --harmony C:\aimwebgui\node_modules\node-windows\lib\wrapper.js --file C:\aimwebgui\bin\www --log "AimWebGUI wrapper" --grow 0.25 --wait 1 --maxrestarts 3 --abortonerror n --stopparentfirst undefined
2017-10-02 12:22:42 - Started 7652
2017-10-02 12:32:27 - Stopping aimwebgui.exe
2017-10-02 12:32:27 - ProcessKill 7652
2017-10-02 12:32:28 - Found child process: 4404 Name: conhost.exe
2017-10-02 12:32:28 - Found child process: 9700 Name: node.exe
2017-10-02 12:32:28 - Stopping process 4404
2017-10-02 12:32:28 - Send SIGINT 4404
2017-10-02 12:32:28 - SIGINT to 4404 failed - Killing as fallback
2017-10-02 12:32:28 - Stopping process 9700
2017-10-02 12:32:28 - Send SIGINT 9700
2017-10-02 12:32:28 - SIGINT to 9700 failed - Killing as fallback
2017-10-02 12:32:28 - Stopping process 7652
2017-10-02 12:32:28 - Send SIGINT 7652
2017-10-02 12:32:28 - SIGINT to 7652 failed - Killing as fallback
2017-10-02 12:32:28 - Finished aimwebgui.exe
2017-10-02 12:32:29 - Starting C:\Program Files\nodejs\node.exe  --harmony C:\aimwebgui\node_modules\node-windows\lib\wrapper.js --file C:\aimwebgui\bin\www --log "AimWebGUI wrapper" --grow 0.25 --wait 1 --maxrestarts 3 --abortonerror n --stopparentfirst undefined
2017-10-02 12:32:29 - Started 7488
2017-10-02 12:40:30 - Stopping aimwebgui.exe
2017-10-02 12:40:30 - ProcessKill 7488
2017-10-02 12:40:30 - Found child process: 9660 Name: conhost.exe
2017-10-02 12:40:30 - Found child process: 3984 Name: node.exe
2017-10-02 12:40:30 - Stopping process 9660
2017-10-02 12:40:30 - Send SIGINT 9660
2017-10-02 12:40:30 - SIGINT to 9660 failed - Killing as fallback
2017-10-02 12:40:30 - Stopping process 3984
2017-10-02 12:40:30 - Send SIGINT 3984
2017-10-02 12:40:30 - SIGINT to 3984 failed - Killing as fallback
2017-10-02 12:40:30 - Stopping process 7488
2017-10-02 12:40:30 - Send SIGINT 7488
2017-10-02 12:40:30 - SIGINT to 7488 failed - Killing as fallback
2017-10-02 12:40:30 - Finished aimwebgui.exe
2017-10-02 12:40:31 - Starting C:\Program Files\nodejs\node.exe  --harmony C:\aimwebgui\node_modules\node-windows\lib\wrapper.js --file C:\aimwebgui\bin\www --log "AimWebGUI wrapper" --grow 0.25 --wait 1 --maxrestarts 3 --abortonerror n --stopparentfirst undefined
2017-10-02 12:40:31 - Started 2908
2017-10-02 12:41:52 - Stopping aimwebgui.exe
2017-10-02 12:41:52 - ProcessKill 2908
2017-10-02 12:41:52 - Found child process: 9156 Name: conhost.exe
2017-10-02 12:41:52 - Found child process: 9784 Name: node.exe
2017-10-02 12:41:52 - Stopping process 9156
2017-10-02 12:41:53 - Send SIGINT 9156
2017-10-02 12:41:53 - SIGINT to 9156 failed - Killing as fallback
2017-10-02 12:41:53 - Stopping process 9784
2017-10-02 12:41:53 - Send SIGINT 9784
2017-10-02 12:41:53 - SIGINT to 9784 failed - Killing as fallback
2017-10-02 12:41:53 - Stopping process 2908
2017-10-02 12:41:53 - Send SIGINT 2908
2017-10-02 12:41:53 - SIGINT to 2908 failed - Killing as fallback
2017-10-02 12:41:53 - Finished aimwebgui.exe
2017-10-02 12:41:54 - Starting C:\Program Files\nodejs\node.exe  --harmony C:\aimwebgui\node_modules\node-windows\lib\wrapper.js --file C:\aimwebgui\bin\www --log "AimWebGUI wrapper" --grow 0.25 --wait 1 --maxrestarts 3 --abortonerror n --stopparentfirst undefined
2017-10-02 12:41:54 - Started 7856
2017-10-02 12:47:28 - Stopping aimwebgui.exe
2017-10-02 12:47:28 - ProcessKill 7856
2017-10-02 12:47:28 - Found child process: 5440 Name: conhost.exe
2017-10-02 12:47:28 - Found child process: 8852 Name: node.exe
2017-10-02 12:47:28 - Stopping process 5440
2017-10-02 12:47:28 - Send SIGINT 5440
2017-10-02 12:47:28 - SIGINT to 5440 failed - Killing as fallback
2017-10-02 12:47:28 - Stopping process 8852
2017-10-02 12:47:28 - Send SIGINT 8852
2017-10-02 12:47:28 - SIGINT to 8852 failed - Killing as fallback
2017-10-02 12:47:28 - Stopping process 7856
2017-10-02 12:47:28 - Send SIGINT 7856
2017-10-02 12:47:28 - SIGINT to 7856 failed - Killing as fallback
2017-10-02 12:47:28 - Finished aimwebgui.exe
2017-10-02 12:47:29 - Starting C:\Program Files\nodejs\node.exe  --harmony C:\aimwebgui\node_modules\node-windows\lib\wrapper.js --file C:\aimwebgui\bin\www --log "AimWebGUI wrapper" --grow 0.25 --wait 1 --maxrestarts 3 --abortonerror n --stopparentfirst undefined
2017-10-02 12:47:29 - Started 6300
2017-10-02 12:55:31 - Stopping aimwebgui.exe
2017-10-02 12:55:31 - ProcessKill 6300
2017-10-02 12:55:31 - Found child process: 9468 Name: conhost.exe
2017-10-02 12:55:31 - Found child process: 2908 Name: node.exe
2017-10-02 12:55:31 - Stopping process 9468
2017-10-02 12:55:31 - Send SIGINT 9468
2017-10-02 12:55:31 - SIGINT to 9468 failed - Killing as fallback
2017-10-02 12:55:31 - Stopping process 2908
2017-10-02 12:55:31 - Send SIGINT 2908
2017-10-02 12:55:31 - SIGINT to 2908 failed - Killing as fallback
2017-10-02 12:55:31 - Stopping process 6300
2017-10-02 12:55:31 - Send SIGINT 6300
2017-10-02 12:55:31 - SIGINT to 6300 failed - Killing as fallback
2017-10-02 12:55:31 - Finished aimwebgui.exe
2017-10-02 12:55:32 - Starting C:\Program Files\nodejs\node.exe  --harmony C:\aimwebgui\node_modules\node-windows\lib\wrapper.js --file C:\aimwebgui\bin\www --log "AimWebGUI wrapper" --grow 0.25 --wait 1 --maxrestarts 3 --abortonerror n --stopparentfirst undefined
2017-10-02 12:55:32 - Started 4480
2017-10-02 12:56:07 - Stopping aimwebgui.exe
2017-10-02 12:56:07 - ProcessKill 4480
2017-10-02 12:56:07 - Found child process: 8052 Name: conhost.exe
2017-10-02 12:56:07 - Found child process: 9772 Name: node.exe
2017-10-02 12:56:07 - Stopping process 8052
2017-10-02 12:56:07 - Send SIGINT 8052
2017-10-02 12:56:07 - SIGINT to 8052 failed - Killing as fallback
2017-10-02 12:56:07 - Stopping process 9772
2017-10-02 12:56:07 - Send SIGINT 9772
2017-10-02 12:56:07 - SIGINT to 9772 failed - Killing as fallback
2017-10-02 12:56:07 - Stopping process 4480
2017-10-02 12:56:07 - Send SIGINT 4480
2017-10-02 12:56:07 - SIGINT to 4480 failed - Killing as fallback
2017-10-02 12:56:07 - Finished aimwebgui.exe
2017-10-02 12:56:08 - Starting C:\Program Files\nodejs\node.exe  --harmony C:\aimwebgui\node_modules\node-windows\lib\wrapper.js --file C:\aimwebgui\bin\www --log "AimWebGUI wrapper" --grow 0.25 --wait 1 --maxrestarts 3 --abortonerror n --stopparentfirst undefined
2017-10-02 12:56:08 - Started 2016
2017-10-02 12:57:44 - Stopping aimwebgui.exe
2017-10-02 12:57:44 - ProcessKill 2016
2017-10-02 12:57:44 - Found child process: 2160 Name: conhost.exe
2017-10-02 12:57:44 - Found child process: 7488 Name: node.exe
2017-10-02 12:57:44 - Stopping process 2160
2017-10-02 12:57:44 - Send SIGINT 2160
2017-10-02 12:57:44 - SIGINT to 2160 failed - Killing as fallback
2017-10-02 12:57:44 - Stopping process 7488
2017-10-02 12:57:44 - Send SIGINT 7488
2017-10-02 12:57:44 - SIGINT to 7488 failed - Killing as fallback
2017-10-02 12:57:44 - Stopping process 2016
2017-10-02 12:57:44 - Send SIGINT 2016
2017-10-02 12:57:44 - SIGINT to 2016 failed - Killing as fallback
2017-10-02 12:57:44 - Finished aimwebgui.exe
2017-10-02 12:57:45 - Starting C:\Program Files\nodejs\node.exe  --harmony C:\aimwebgui\node_modules\node-windows\lib\wrapper.js --file C:\aimwebgui\bin\www --log "AimWebGUI wrapper" --grow 0.25 --wait 1 --maxrestarts 3 --abortonerror n --stopparentfirst undefined
2017-10-02 12:57:45 - Started 7156
2017-10-02 12:59:29 - Stopping aimwebgui.exe
2017-10-02 12:59:29 - ProcessKill 7156
2017-10-02 12:59:29 - Found child process: 9796 Name: conhost.exe
2017-10-02 12:59:29 - Found child process: 9436 Name: node.exe
2017-10-02 12:59:30 - Stopping process 9796
2017-10-02 12:59:30 - Send SIGINT 9796
2017-10-02 12:59:30 - SIGINT to 9796 failed - Killing as fallback
2017-10-02 12:59:30 - Stopping process 9436
2017-10-02 12:59:30 - Send SIGINT 9436
2017-10-02 12:59:30 - SIGINT to 9436 failed - Killing as fallback
2017-10-02 12:59:30 - Stopping process 7156
2017-10-02 12:59:30 - Send SIGINT 7156
2017-10-02 12:59:30 - SIGINT to 7156 failed - Killing as fallback
2017-10-02 12:59:30 - Finished aimwebgui.exe
2017-10-02 12:59:31 - Starting C:\Program Files\nodejs\node.exe  --harmony C:\aimwebgui\node_modules\node-windows\lib\wrapper.js --file C:\aimwebgui\bin\www --log "AimWebGUI wrapper" --grow 0.25 --wait 1 --maxrestarts 3 --abortonerror n --stopparentfirst undefined
2017-10-02 12:59:31 - Started 9104
2018-01-15 11:43:44 - Starting C:\Program Files\nodejs\node.exe  --harmony C:\aimwebgui\node_modules\node-windows\lib\wrapper.js --file C:\aimwebgui\bin\www --log "AimWebGUI wrapper" --grow 0.25 --wait 1 --maxrestarts 3 --abortonerror n --stopparentfirst undefined
2018-01-15 11:43:44 - Started 1200
2018-01-15 11:48:15 - Stopping aimwebgui.exe
2018-01-15 11:48:15 - ProcessKill 1200
2018-01-15 11:48:16 - Shutdown exception
Message:A system shutdown is in progress. (Exception from HRESULT: 0x8007045B)
Stacktrace:   at System.Runtime.InteropServices.Marshal.ThrowExceptionForHRInternal(Int32 errorCode, IntPtr errorInfo)
   at System.Management.ManagementScope.InitializeGuts(Object o)
   at System.Management.ManagementScope.Initialize()
   at System.Management.ManagementObjectSearcher.Initialize()
   at System.Management.ManagementObjectSearcher.Get()
   at winsw.WrapperService.GetChildPids(Int32 pid)
   at winsw.WrapperService.StopProcessAndChildren(Int32 pid)
   at winsw.WrapperService.StopIt()
   at winsw.WrapperService.OnShutdown()
2018-01-15 11:48:35 - Starting C:\Program Files\nodejs\node.exe  --harmony C:\aimwebgui\node_modules\node-windows\lib\wrapper.js --file C:\aimwebgui\bin\www --log "AimWebGUI wrapper" --grow 0.25 --wait 1 --maxrestarts 3 --abortonerror n --stopparentfirst undefined
2018-01-15 11:48:35 - Started 1196
2018-01-15 11:49:35 - Stopping aimwebgui.exe
2018-01-15 11:49:35 - ProcessKill 1196
2018-01-15 11:49:36 - Shutdown exception
Message:A system shutdown is in progress. (Exception from HRESULT: 0x8007045B)
Stacktrace:   at System.Runtime.InteropServices.Marshal.ThrowExceptionForHRInternal(Int32 errorCode, IntPtr errorInfo)
   at System.Management.ManagementScope.InitializeGuts(Object o)
   at System.Management.ManagementScope.Initialize()
   at System.Management.ManagementObjectSearcher.Initialize()
   at System.Management.ManagementObjectSearcher.Get()
   at winsw.WrapperService.GetChildPids(Int32 pid)
   at winsw.WrapperService.StopProcessAndChildren(Int32 pid)
   at winsw.WrapperService.StopIt()
   at winsw.WrapperService.OnShutdown()
2018-01-15 11:49:53 - Starting C:\Program Files\nodejs\node.exe  --harmony C:\aimwebgui\node_modules\node-windows\lib\wrapper.js --file C:\aimwebgui\bin\www --log "AimWebGUI wrapper" --grow 0.25 --wait 1 --maxrestarts 3 --abortonerror n --stopparentfirst undefined
2018-01-15 11:49:53 - Started 1236
2018-02-08 09:15:07 - Stopping aimwebgui.exe
2018-02-08 09:15:07 - ProcessKill 1236
2018-02-08 09:15:34 - Starting C:\Program Files\nodejs\node.exe  --harmony C:\aimwebgui\node_modules\node-windows\lib\wrapper.js --file C:\aimwebgui\bin\www --log "AimWebGUI wrapper" --grow 0.25 --wait 1 --maxrestarts 3 --abortonerror n --stopparentfirst undefined
2018-02-08 09:15:34 - Started 1216
2018-02-18 15:31:23 - Starting C:\Program Files\nodejs\node.exe  --harmony C:\aimwebgui\node_modules\node-windows\lib\wrapper.js --file C:\aimwebgui\bin\www --log "AimWebGUI wrapper" --grow 0.25 --wait 1 --maxrestarts 3 --abortonerror n --stopparentfirst undefined
2018-02-18 15:31:23 - Started 1252
2018-02-19 00:15:12 - Starting C:\Program Files\nodejs\node.exe  --harmony C:\aimwebgui\node_modules\node-windows\lib\wrapper.js --file C:\aimwebgui\bin\www --log "AimWebGUI wrapper" --grow 0.25 --wait 1 --maxrestarts 3 --abortonerror n --stopparentfirst undefined
2018-02-19 00:15:12 - Started 1840
2018-03-15 00:42:00 - Stopping aimwebgui.exe
2018-03-15 00:42:00 - ProcessKill 1840
2018-03-15 00:42:00 - Found child process: 5328 Name: conhost.exe
2018-03-15 00:42:00 - Stopping process 5328
2018-03-15 00:42:00 - Send SIGINT 5328
2018-03-15 00:42:00 - SIGINT to 5328 failed - Killing as fallback
2018-03-15 00:42:00 - Stopping process 1840
2018-03-15 00:42:00 - Send SIGINT 1840
2018-03-15 00:42:00 - SIGINT to 1840 failed - Killing as fallback
2018-03-15 00:42:00 - Finished aimwebgui.exe
2018-03-15 00:42:01 - Starting C:\Program Files\nodejs\node.exe  --harmony C:\aimwebgui\node_modules\node-windows\lib\wrapper.js --file C:\aimwebgui\bin\www --log "AimWebGUI wrapper" --grow 0.25 --wait 1 --maxrestarts 3 --abortonerror n --stopparentfirst undefined
2018-03-15 00:42:01 - Started 6576
2018-04-18 10:41:13 - Stopping aimwebgui.exe
2018-04-18 10:41:13 - Finished aimwebgui.exe
