C:\aimwebgui\node_modules\http-proxy\lib\http-proxy\index.js:119
    throw err;
    ^

Error: connect ETIMEDOUT 10.50.0.100:80
    at Object.exports._errnoException (util.js:870:11)
    at exports._exceptionWithHostPort (util.js:893:20)
    at TCPConnectWrap.afterConnect [as oncomplete] (net.js:1061:14)
C:\aimwebgui\node_modules\http-proxy\lib\http-proxy\index.js:119
    throw err;
    ^

Error: connect ETIMEDOUT 10.50.0.100:80
    at Object.exports._errnoException (util.js:870:11)
    at exports._exceptionWithHostPort (util.js:893:20)
    at TCPConnectWrap.afterConnect [as oncomplete] (net.js:1061:14)
C:\aimwebgui\node_modules\http-proxy\lib\http-proxy\index.js:119
    throw err;
    ^

Error: connect ETIMEDOUT 10.50.0.100:80
    at Object.exports._errnoException (util.js:870:11)
    at exports._exceptionWithHostPort (util.js:893:20)
    at TCPConnectWrap.afterConnect [as oncomplete] (net.js:1061:14)
C:\aimwebgui\node_modules\http-proxy\lib\http-proxy\index.js:119
    throw err;
    ^

Error: connect ETIMEDOUT 10.50.0.100:80
    at Object.exports._errnoException (util.js:870:11)
    at exports._exceptionWithHostPort (util.js:893:20)
    at TCPConnectWrap.afterConnect [as oncomplete] (net.js:1061:14)
C:\aimwebgui\node_modules\http-proxy\lib\http-proxy\index.js:119
    throw err;
    ^

Error: connect ETIMEDOUT 10.50.0.100:80
    at Object.exports._errnoException (util.js:870:11)
    at exports._exceptionWithHostPort (util.js:893:20)
    at TCPConnectWrap.afterConnect [as oncomplete] (net.js:1061:14)
C:\aimwebgui\node_modules\http-proxy\lib\http-proxy\index.js:119
    throw err;
    ^

Error: connect ETIMEDOUT 10.50.0.100:80
    at Object.exports._errnoException (util.js:870:11)
    at exports._exceptionWithHostPort (util.js:893:20)
    at TCPConnectWrap.afterConnect [as oncomplete] (net.js:1061:14)
C:\aimwebgui\node_modules\http-proxy\lib\http-proxy\index.js:119
    throw err;
    ^

Error: connect ETIMEDOUT 10.50.0.100:80
    at Object.exports._errnoException (util.js:870:11)
    at exports._exceptionWithHostPort (util.js:893:20)
    at TCPConnectWrap.afterConnect [as oncomplete] (net.js:1061:14)
C:\aimwebgui\node_modules\http-proxy\lib\http-proxy\index.js:119
    throw err;
    ^

Error: connect ETIMEDOUT 10.50.0.100:80
    at Object.exports._errnoException (util.js:870:11)
    at exports._exceptionWithHostPort (util.js:893:20)
    at TCPConnectWrap.afterConnect [as oncomplete] (net.js:1061:14)
C:\aimwebgui\node_modules\http-proxy\lib\http-proxy\index.js:119
    throw err;
    ^

Error: read ECONNRESET
    at exports._errnoException (util.js:870:11)
    at TCP.onread (net.js:552:26)
C:\aimwebgui\node_modules\http-proxy\lib\http-proxy\index.js:119
    throw err;
    ^

Error: connect ETIMEDOUT 10.50.0.100:80
    at Object.exports._errnoException (util.js:870:11)
    at exports._exceptionWithHostPort (util.js:893:20)
    at TCPConnectWrap.afterConnect [as oncomplete] (net.js:1061:14)
C:\aimwebgui\node_modules\http-proxy\lib\http-proxy\index.js:119
    throw err;
    ^

Error: socket hang up
    at createHangUpError (_http_client.js:211:15)
    at Socket.socketOnEnd (_http_client.js:303:23)
    at emitNone (events.js:72:20)
    at Socket.emit (events.js:166:7)
    at endReadableNT (_stream_readable.js:913:12)
    at nextTickCallbackWith2Args (node.js:442:9)
    at process._tickCallback (node.js:356:17)
C:\aimwebgui\node_modules\http-proxy\lib\http-proxy\index.js:119
    throw err;
    ^

Error: connect ETIMEDOUT 10.50.0.100:80
    at Object.exports._errnoException (util.js:870:11)
    at exports._exceptionWithHostPort (util.js:893:20)
    at TCPConnectWrap.afterConnect [as oncomplete] (net.js:1061:14)
C:\aimwebgui\node_modules\http-proxy\lib\http-proxy\index.js:119
    throw err;
    ^

Error: connect ETIMEDOUT 10.50.0.100:80
    at Object.exports._errnoException (util.js:870:11)
    at exports._exceptionWithHostPort (util.js:893:20)
    at TCPConnectWrap.afterConnect [as oncomplete] (net.js:1061:14)
C:\aimwebgui\node_modules\http-proxy\lib\http-proxy\index.js:119
    throw err;
    ^

Error: connect ETIMEDOUT 10.50.0.100:80
    at Object.exports._errnoException (util.js:870:11)
    at exports._exceptionWithHostPort (util.js:893:20)
    at TCPConnectWrap.afterConnect [as oncomplete] (net.js:1061:14)
C:\aimwebgui\node_modules\http-proxy\lib\http-proxy\index.js:119
    throw err;
    ^

Error: connect ETIMEDOUT 10.50.0.100:80
    at Object.exports._errnoException (util.js:870:11)
    at exports._exceptionWithHostPort (util.js:893:20)
    at TCPConnectWrap.afterConnect [as oncomplete] (net.js:1061:14)
C:\aimwebgui\node_modules\http-proxy\lib\http-proxy\index.js:119
    throw err;
    ^

Error: connect ETIMEDOUT 10.50.0.100:80
    at Object.exports._errnoException (util.js:870:11)
    at exports._exceptionWithHostPort (util.js:893:20)
    at TCPConnectWrap.afterConnect [as oncomplete] (net.js:1061:14)
C:\aimwebgui\node_modules\http-proxy\lib\http-proxy\index.js:119
    throw err;
    ^

Error: connect ETIMEDOUT 10.50.0.100:80
    at Object.exports._errnoException (util.js:870:11)
    at exports._exceptionWithHostPort (util.js:893:20)
    at TCPConnectWrap.afterConnect [as oncomplete] (net.js:1061:14)
C:\aimwebgui\node_modules\http-proxy\lib\http-proxy\index.js:119
    throw err;
    ^

Error: connect ETIMEDOUT 10.50.0.100:80
    at Object.exports._errnoException (util.js:870:11)
    at exports._exceptionWithHostPort (util.js:893:20)
    at TCPConnectWrap.afterConnect [as oncomplete] (net.js:1061:14)
C:\aimwebgui\node_modules\http-proxy\lib\http-proxy\index.js:119
    throw err;
    ^

Error: connect ETIMEDOUT 10.50.0.100:80
    at Object.exports._errnoException (util.js:870:11)
    at exports._exceptionWithHostPort (util.js:893:20)
    at TCPConnectWrap.afterConnect [as oncomplete] (net.js:1061:14)
C:\aimwebgui\node_modules\http-proxy\lib\http-proxy\index.js:119
    throw err;
    ^

Error: connect ETIMEDOUT 10.50.0.100:80
    at Object.exports._errnoException (util.js:870:11)
    at exports._exceptionWithHostPort (util.js:893:20)
    at TCPConnectWrap.afterConnect [as oncomplete] (net.js:1061:14)
C:\aimwebgui\node_modules\http-proxy\lib\http-proxy\index.js:119
    throw err;
    ^

Error: connect ETIMEDOUT 10.50.0.100:80
    at Object.exports._errnoException (util.js:870:11)
    at exports._exceptionWithHostPort (util.js:893:20)
    at TCPConnectWrap.afterConnect [as oncomplete] (net.js:1061:14)
C:\aimwebgui\node_modules\http-proxy\lib\http-proxy\index.js:119
    throw err;
    ^

Error: connect ETIMEDOUT 10.50.0.100:80
    at Object.exports._errnoException (util.js:870:11)
    at exports._exceptionWithHostPort (util.js:893:20)
    at TCPConnectWrap.afterConnect [as oncomplete] (net.js:1061:14)
C:\aimwebgui\node_modules\http-proxy\lib\http-proxy\index.js:119
    throw err;
    ^

Error: connect ETIMEDOUT 10.50.0.100:80
    at Object.exports._errnoException (util.js:870:11)
    at exports._exceptionWithHostPort (util.js:893:20)
    at TCPConnectWrap.afterConnect [as oncomplete] (net.js:1061:14)
C:\aimwebgui\node_modules\http-proxy\lib\http-proxy\index.js:119
    throw err;
    ^

Error: connect ECONNREFUSED 10.50.0.100:80
    at Object.exports._errnoException (util.js:870:11)
    at exports._exceptionWithHostPort (util.js:893:20)
    at TCPConnectWrap.afterConnect [as oncomplete] (net.js:1061:14)
C:\aimwebgui\node_modules\http-proxy\lib\http-proxy\index.js:119
    throw err;
    ^

Error: connect ECONNREFUSED 10.50.0.100:80
    at Object.exports._errnoException (util.js:870:11)
    at exports._exceptionWithHostPort (util.js:893:20)
    at TCPConnectWrap.afterConnect [as oncomplete] (net.js:1061:14)
C:\aimwebgui\node_modules\http-proxy\lib\http-proxy\index.js:119
    throw err;
    ^

Error: connect ETIMEDOUT 10.50.0.100:80
    at Object.exports._errnoException (util.js:870:11)
    at exports._exceptionWithHostPort (util.js:893:20)
    at TCPConnectWrap.afterConnect [as oncomplete] (net.js:1061:14)
C:\aimwebgui\node_modules\http-proxy\lib\http-proxy\index.js:119
    throw err;
    ^

Error: connect ETIMEDOUT 10.50.0.100:80
    at Object.exports._errnoException (util.js:870:11)
    at exports._exceptionWithHostPort (util.js:893:20)
    at TCPConnectWrap.afterConnect [as oncomplete] (net.js:1061:14)
C:\aimwebgui\node_modules\node-windows\lib\wrapper.js:177
    child.send('shutdown');
         ^

TypeError: Cannot read property 'send' of null
    at process.killkid (C:\aimwebgui\node_modules\node-windows\lib\wrapper.js:177:10)
    at emitOne (events.js:77:13)
    at process.emit (events.js:169:7)
    at process.exit (node.js:750:17)
    at monitor (C:\aimwebgui\node_modules\node-windows\lib\wrapper.js:99:17)
    at ChildProcess.<anonymous> (C:\aimwebgui\node_modules\node-windows\lib\wrapper.js:170:5)
    at emitTwo (events.js:87:13)
    at ChildProcess.emit (events.js:172:7)
    at Process.ChildProcess._handle.onexit (internal/child_process.js:200:12)
C:\aimwebgui\node_modules\http-proxy\lib\http-proxy\index.js:119
    throw err;
    ^

Error: connect ETIMEDOUT 10.50.0.100:80
    at Object.exports._errnoException (util.js:870:11)
    at exports._exceptionWithHostPort (util.js:893:20)
    at TCPConnectWrap.afterConnect [as oncomplete] (net.js:1061:14)
C:\aimwebgui\node_modules\http-proxy\lib\http-proxy\index.js:119
    throw err;
    ^

Error: connect ECONNREFUSED 10.50.0.100:80
    at Object.exports._errnoException (util.js:870:11)
    at exports._exceptionWithHostPort (util.js:893:20)
    at TCPConnectWrap.afterConnect [as oncomplete] (net.js:1061:14)
C:\aimwebgui\node_modules\http-proxy\lib\http-proxy\index.js:119
    throw err;
    ^

Error: connect ECONNREFUSED 10.50.0.100:80
    at Object.exports._errnoException (util.js:870:11)
    at exports._exceptionWithHostPort (util.js:893:20)
    at TCPConnectWrap.afterConnect [as oncomplete] (net.js:1061:14)
C:\aimwebgui\node_modules\http-proxy\lib\http-proxy\index.js:119
    throw err;
    ^

Error: connect ETIMEDOUT 10.50.0.100:80
    at Object.exports._errnoException (util.js:870:11)
    at exports._exceptionWithHostPort (util.js:893:20)
    at TCPConnectWrap.afterConnect [as oncomplete] (net.js:1061:14)
C:\aimwebgui\node_modules\http-proxy\lib\http-proxy\index.js:119
    throw err;
    ^

Error: connect ETIMEDOUT 10.50.0.100:80
    at Object.exports._errnoException (util.js:870:11)
    at exports._exceptionWithHostPort (util.js:893:20)
    at TCPConnectWrap.afterConnect [as oncomplete] (net.js:1061:14)
C:\aimwebgui\node_modules\http-proxy\lib\http-proxy\index.js:119
    throw err;
    ^

Error: connect ETIMEDOUT 10.50.0.100:80
    at Object.exports._errnoException (util.js:870:11)
    at exports._exceptionWithHostPort (util.js:893:20)
    at TCPConnectWrap.afterConnect [as oncomplete] (net.js:1061:14)
C:\aimwebgui\node_modules\http-proxy\lib\http-proxy\index.js:119
    throw err;
    ^

Error: read ECONNRESET
    at exports._errnoException (util.js:870:11)
    at TCP.onread (net.js:552:26)
C:\aimwebgui\node_modules\http-proxy\lib\http-proxy\index.js:119
    throw err;
    ^

Error: read ECONNRESET
    at exports._errnoException (util.js:870:11)
    at TCP.onread (net.js:552:26)
C:\aimwebgui\node_modules\http-proxy\lib\http-proxy\index.js:119
    throw err;
    ^

Error: read ECONNRESET
    at exports._errnoException (util.js:870:11)
    at TCP.onread (net.js:552:26)
C:\aimwebgui\node_modules\http-proxy\lib\http-proxy\index.js:119
    throw err;
    ^

Error: read ECONNRESET
    at exports._errnoException (util.js:870:11)
    at TCP.onread (net.js:552:26)
C:\aimwebgui\node_modules\http-proxy\lib\http-proxy\index.js:119
    throw err;
    ^

Error: read ECONNRESET
    at exports._errnoException (util.js:870:11)
    at TCP.onread (net.js:552:26)
C:\aimwebgui\node_modules\http-proxy\lib\http-proxy\index.js:119
    throw err;
    ^

Error: read ECONNRESET
    at exports._errnoException (util.js:870:11)
    at TCP.onread (net.js:552:26)
C:\aimwebgui\node_modules\http-proxy\lib\http-proxy\index.js:119
    throw err;
    ^

Error: connect ETIMEDOUT 10.50.0.100:80
    at Object.exports._errnoException (util.js:870:11)
    at exports._exceptionWithHostPort (util.js:893:20)
    at TCPConnectWrap.afterConnect [as oncomplete] (net.js:1061:14)
C:\aimwebgui\node_modules\http-proxy\lib\http-proxy\index.js:119
    throw err;
    ^

Error: read ECONNRESET
    at exports._errnoException (util.js:870:11)
    at TCP.onread (net.js:552:26)
C:\aimwebgui\node_modules\http-proxy\lib\http-proxy\index.js:119
    throw err;
    ^

Error: read ECONNRESET
    at exports._errnoException (util.js:870:11)
    at TCP.onread (net.js:552:26)
C:\aimwebgui\node_modules\http-proxy\lib\http-proxy\index.js:119
    throw err;
    ^

Error: read ECONNRESET
    at exports._errnoException (util.js:870:11)
    at TCP.onread (net.js:552:26)
C:\aimwebgui\node_modules\http-proxy\lib\http-proxy\index.js:119
    throw err;
    ^

Error: read ECONNRESET
    at exports._errnoException (util.js:870:11)
    at TCP.onread (net.js:552:26)
C:\aimwebgui\node_modules\http-proxy\lib\http-proxy\index.js:119
    throw err;
    ^

Error: read ECONNRESET
    at exports._errnoException (util.js:870:11)
    at TCP.onread (net.js:552:26)
C:\aimwebgui\node_modules\http-proxy\lib\http-proxy\index.js:119
    throw err;
    ^

Error: read ECONNRESET
    at exports._errnoException (util.js:870:11)
    at TCP.onread (net.js:552:26)
C:\aimwebgui\node_modules\http-proxy\lib\http-proxy\index.js:119
    throw err;
    ^

Error: read ECONNRESET
    at exports._errnoException (util.js:870:11)
    at TCP.onread (net.js:552:26)
C:\aimwebgui\node_modules\http-proxy\lib\http-proxy\index.js:119
    throw err;
    ^

Error: read ECONNRESET
    at exports._errnoException (util.js:870:11)
    at TCP.onread (net.js:552:26)
C:\aimwebgui\node_modules\http-proxy\lib\http-proxy\index.js:119
    throw err;
    ^

Error: read ECONNRESET
    at exports._errnoException (util.js:870:11)
    at TCP.onread (net.js:552:26)
C:\aimwebgui\node_modules\http-proxy\lib\http-proxy\index.js:119
    throw err;
    ^

Error: read ECONNRESET
    at exports._errnoException (util.js:870:11)
    at TCP.onread (net.js:552:26)
C:\aimwebgui\node_modules\http-proxy\lib\http-proxy\index.js:119
    throw err;
    ^

Error: read ECONNRESET
    at exports._errnoException (util.js:870:11)
    at TCP.onread (net.js:552:26)
C:\aimwebgui\node_modules\http-proxy\lib\http-proxy\index.js:119
    throw err;
    ^

Error: read ECONNRESET
    at exports._errnoException (util.js:870:11)
    at TCP.onread (net.js:552:26)
C:\aimwebgui\node_modules\http-proxy\lib\http-proxy\index.js:119
    throw err;
    ^

Error: read ECONNRESET
    at exports._errnoException (util.js:870:11)
    at TCP.onread (net.js:552:26)
C:\aimwebgui\node_modules\http-proxy\lib\http-proxy\index.js:119
    throw err;
    ^

Error: read ECONNRESET
    at exports._errnoException (util.js:870:11)
    at TCP.onread (net.js:552:26)
C:\aimwebgui\node_modules\http-proxy\lib\http-proxy\index.js:119
    throw err;
    ^

Error: read ECONNRESET
    at exports._errnoException (util.js:870:11)
    at TCP.onread (net.js:552:26)
C:\aimwebgui\node_modules\http-proxy\lib\http-proxy\index.js:119
    throw err;
    ^

Error: read ECONNRESET
    at exports._errnoException (util.js:870:11)
    at TCP.onread (net.js:552:26)
C:\aimwebgui\node_modules\http-proxy\lib\http-proxy\index.js:119
    throw err;
    ^

Error: read ECONNRESET
    at exports._errnoException (util.js:870:11)
    at TCP.onread (net.js:552:26)
C:\aimwebgui\node_modules\http-proxy\lib\http-proxy\index.js:119
    throw err;
    ^

Error: read ECONNRESET
    at exports._errnoException (util.js:870:11)
    at TCP.onread (net.js:552:26)
C:\aimwebgui\node_modules\http-proxy\lib\http-proxy\index.js:119
    throw err;
    ^

Error: read ECONNRESET
    at exports._errnoException (util.js:870:11)
    at TCP.onread (net.js:552:26)
C:\aimwebgui\node_modules\http-proxy\lib\http-proxy\index.js:119
    throw err;
    ^

Error: connect ETIMEDOUT 10.50.0.100:80
    at Object.exports._errnoException (util.js:870:11)
    at exports._exceptionWithHostPort (util.js:893:20)
    at TCPConnectWrap.afterConnect [as oncomplete] (net.js:1061:14)
C:\aimwebgui\node_modules\http-proxy\lib\http-proxy\index.js:119
    throw err;
    ^

Error: read ECONNRESET
    at exports._errnoException (util.js:870:11)
    at TCP.onread (net.js:552:26)
C:\aimwebgui\node_modules\http-proxy\lib\http-proxy\index.js:119
    throw err;
    ^

Error: read ECONNRESET
    at exports._errnoException (util.js:870:11)
    at TCP.onread (net.js:552:26)
C:\aimwebgui\node_modules\http-proxy\lib\http-proxy\index.js:119
    throw err;
    ^

Error: read ECONNRESET
    at exports._errnoException (util.js:870:11)
    at TCP.onread (net.js:552:26)
C:\aimwebgui\node_modules\http-proxy\lib\http-proxy\index.js:119
    throw err;
    ^

Error: connect ETIMEDOUT 10.50.0.100:80
    at Object.exports._errnoException (util.js:870:11)
    at exports._exceptionWithHostPort (util.js:893:20)
    at TCPConnectWrap.afterConnect [as oncomplete] (net.js:1061:14)
C:\aimwebgui\node_modules\http-proxy\lib\http-proxy\index.js:119
    throw err;
    ^

Error: read ECONNRESET
    at exports._errnoException (util.js:870:11)
    at TCP.onread (net.js:552:26)
C:\aimwebgui\node_modules\http-proxy\lib\http-proxy\index.js:119
    throw err;
    ^

Error: read ECONNRESET
    at exports._errnoException (util.js:870:11)
    at TCP.onread (net.js:552:26)
C:\aimwebgui\node_modules\http-proxy\lib\http-proxy\index.js:119
    throw err;
    ^

Error: read ECONNRESET
    at exports._errnoException (util.js:870:11)
    at TCP.onread (net.js:552:26)
C:\aimwebgui\node_modules\http-proxy\lib\http-proxy\index.js:119
    throw err;
    ^

Error: connect ECONNREFUSED 10.50.0.100:80
    at Object.exports._errnoException (util.js:870:11)
    at exports._exceptionWithHostPort (util.js:893:20)
    at TCPConnectWrap.afterConnect [as oncomplete] (net.js:1061:14)
